<?xml version="1.0" encoding="UTF-8"?>
<!-- Generated by org.testng.reporters.JUnitReportReporter -->
<testsuite ignored="0" hostname="MBP-2FG84HMD6M-1928.local" failures="0" tests="3" name="TestTest3" time="0.003" errors="0" timestamp="20 5æœˆ 2025 09:03:24 GMT" skipped="0">
  <testcase classname="TestTest3" name="testC04" time="0.000"/>
  <testcase classname="TestTest3" name="testC05" time="0.001"/>
  <testcase classname="TestTest3" name="testC03" time="0.002"/>
</testsuite> <!-- TestTest3 -->
